# JRE version: OpenJDK Runtime Environment (17.0.7) (build 17.0.7+0-b2043.56-10550314)
# Java VM: OpenJDK 64-Bit Server VM (17.0.7+0-b2043.56-10550314, mixed mode, tiered, compressed oops, compressed class ptrs, g1 gc, windows-amd64)
GC Precious Log:
 CPUs: 4 total, 4 available
 Memory: 6065M
 Large Page Support: Disabled
 NUMA Support: Disabled
 Compressed Oops: Enabled (Zero based)
 Heap Region Size: 2M
 Heap Min Capacity: 8M
 Heap Initial Capacity: 96M
 Heap Max Capacity: 4G
 Pre-touch: Disabled
 Parallel Workers: 4
 Concurrent Workers: 1
 Concurrent Refinement Workers: 4
 Periodic GC: Disabled
Heap:
 garbage-first heap   total 817152K, used 453293K [0x0000000700000000, 0x0000000800000000)
  region size 2048K, 3 young (6144K), 3 survivors (6144K)
 Metaspace       used 224601K, committed 226240K, reserved 1310720K
  class space    used 28040K, committed 28736K, reserved 1048576K
GC Heap History (20 events):
Event: 143.946 GC heap after
{Heap after GC invocations=151 (full 0):
 garbage-first heap   total 817152K, used 334196K [0x0000000700000000, 0x0000000800000000)
  region size 2048K, 22 young (45056K), 22 survivors (45056K)
 Metaspace       used 199911K, committed 201216K, reserved 1245184K
  class space    used 25116K, committed 25728K, reserved 1048576K
}
Event: 145.696 GC heap before
{Heap before GC invocations=151 (full 0):
 garbage-first heap   total 817152K, used 659828K [0x0000000700000000, 0x0000000800000000)
  region size 2048K, 181 young (370688K), 22 survivors (45056K)
 Metaspace       used 200134K, committed 201408K, reserved 1245184K
  class space    used 25130K, committed 25728K, reserved 1048576K
}
Event: 145.774 GC heap after
{Heap after GC invocations=152 (full 0):
 garbage-first heap   total 817152K, used 372711K [0x0000000700000000, 0x0000000800000000)
  region size 2048K, 23 young (47104K), 23 survivors (47104K)
 Metaspace       used 200134K, committed 201408K, reserved 1245184K
  class space    used 25130K, committed 25728K, reserved 1048576K
}
Event: 152.182 GC heap before
{Heap before GC invocations=152 (full 0):
 garbage-first heap   total 817152K, used 667623K [0x0000000700000000, 0x0000000800000000)
  region size 2048K, 160 young (327680K), 23 survivors (47104K)
 Metaspace       used 211093K, committed 212416K, reserved 1245184K
  class space    used 26731K, committed 27328K, reserved 1048576K
}
Event: 152.235 GC heap after
{Heap after GC invocations=153 (full 0):
 garbage-first heap   total 817152K, used 403442K [0x0000000700000000, 0x0000000800000000)
  region size 2048K, 11 young (22528K), 11 survivors (22528K)
 Metaspace       used 211093K, committed 212416K, reserved 1245184K
  class space    used 26731K, committed 27328K, reserved 1048576K
}
Event: 153.691 GC heap before
{Heap before GC invocations=153 (full 0):
 garbage-first heap   total 817152K, used 663538K [0x0000000700000000, 0x0000000800000000)
  region size 2048K, 138 young (282624K), 11 survivors (22528K)
 Metaspace       used 212622K, committed 213888K, reserved 1245184K
  class space    used 26812K, committed 27392K, reserved 1048576K
}
Event: 153.717 GC heap after
{Heap after GC invocations=154 (full 0):
 garbage-first heap   total 817152K, used 404466K [0x0000000700000000, 0x0000000800000000)
  region size 2048K, 2 young (4096K), 2 survivors (4096K)
 Metaspace       used 212622K, committed 213888K, reserved 1245184K
  class space    used 26812K, committed 27392K, reserved 1048576K
}
Event: 155.076 GC heap before
{Heap before GC invocations=154 (full 0):
 garbage-first heap   total 817152K, used 674802K [0x0000000700000000, 0x0000000800000000)
  region size 2048K, 134 young (274432K), 2 survivors (4096K)
 Metaspace       used 213908K, committed 215168K, reserved 1245184K
  class space    used 26986K, committed 27584K, reserved 1048576K
}
Event: 155.087 GC heap after
{Heap after GC invocations=155 (full 0):
 garbage-first heap   total 817152K, used 406916K [0x0000000700000000, 0x0000000800000000)
  region size 2048K, 4 young (8192K), 4 survivors (8192K)
 Metaspace       used 213908K, committed 215168K, reserved 1245184K
  class space    used 26986K, committed 27584K, reserved 1048576K
}
Event: 269.591 GC heap before
{Heap before GC invocations=155 (full 0):
 garbage-first heap   total 817152K, used 681348K [0x0000000700000000, 0x0000000800000000)
  region size 2048K, 139 young (284672K), 4 survivors (8192K)
 Metaspace       used 217192K, committed 218688K, reserved 1245184K
  class space    used 27435K, committed 28096K, reserved 1048576K
}
Event: 269.648 GC heap after
{Heap after GC invocations=156 (full 0):
 garbage-first heap   total 817152K, used 438840K [0x0000000700000000, 0x0000000800000000)
  region size 2048K, 18 young (36864K), 18 survivors (36864K)
 Metaspace       used 217192K, committed 218688K, reserved 1245184K
  class space    used 27435K, committed 28096K, reserved 1048576K
}
Event: 286.460 GC heap before
{Heap before GC invocations=156 (full 0):
 garbage-first heap   total 817152K, used 676408K [0x0000000700000000, 0x0000000800000000)
  region size 2048K, 132 young (270336K), 18 survivors (36864K)
 Metaspace       used 219435K, committed 221056K, reserved 1245184K
  class space    used 27621K, committed 28352K, reserved 1048576K
}
Event: 286.517 GC heap after
{Heap after GC invocations=157 (full 0):
 garbage-first heap   total 817152K, used 468370K [0x0000000700000000, 0x0000000800000000)
  region size 2048K, 15 young (30720K), 15 survivors (30720K)
 Metaspace       used 219435K, committed 221056K, reserved 1245184K
  class space    used 27621K, committed 28352K, reserved 1048576K
}
Event: 290.784 GC heap before
{Heap before GC invocations=157 (full 0):
 garbage-first heap   total 817152K, used 691602K [0x0000000700000000, 0x0000000800000000)
  region size 2048K, 113 young (231424K), 15 survivors (30720K)
 Metaspace       used 224588K, committed 226240K, reserved 1310720K
  class space    used 28038K, committed 28736K, reserved 1048576K
}
Event: 290.801 GC heap after
{Heap after GC invocations=158 (full 0):
 garbage-first heap   total 817152K, used 460786K [0x0000000700000000, 0x0000000800000000)
  region size 2048K, 3 young (6144K), 3 survivors (6144K)
 Metaspace       used 224588K, committed 226240K, reserved 1310720K
  class space    used 28038K, committed 28736K, reserved 1048576K
}
Event: 290.990 GC heap before
{Heap before GC invocations=158 (full 0):
 garbage-first heap   total 817152K, used 540658K [0x0000000700000000, 0x0000000800000000)
  region size 2048K, 8 young (16384K), 3 survivors (6144K)
 Metaspace       used 224596K, committed 226240K, reserved 1310720K
  class space    used 28038K, committed 28736K, reserved 1048576K
}
Event: 291.006 GC heap after
{Heap after GC invocations=159 (full 0):
 garbage-first heap   total 817152K, used 480759K [0x0000000700000000, 0x0000000800000000)
  region size 2048K, 3 young (6144K), 3 survivors (6144K)
 Metaspace       used 224596K, committed 226240K, reserved 1310720K
  class space    used 28038K, committed 28736K, reserved 1048576K
}
Event: 291.042 GC heap before
{Heap before GC invocations=159 (full 0):
 garbage-first heap   total 817152K, used 501239K [0x0000000700000000, 0x0000000800000000)
  region size 2048K, 4 young (8192K), 3 survivors (6144K)
 Metaspace       used 224596K, committed 226240K, reserved 1310720K
  class space    used 28038K, committed 28736K, reserved 1048576K
}
Event: 291.050 GC heap after
{Heap after GC invocations=160 (full 0):
 garbage-first heap   total 817152K, used 476280K [0x0000000700000000, 0x0000000800000000)
  region size 2048K, 3 young (6144K), 3 survivors (6144K)
 Metaspace       used 224596K, committed 226240K, reserved 1310720K
  class space    used 28038K, committed 28736K, reserved 1048576K
}
Event: 291.185 GC heap before
{Heap before GC invocations=160 (full 0):
 garbage-first heap   total 817152K, used 502904K [0x0000000700000000, 0x0000000800000000)
  region size 2048K, 8 young (16384K), 3 survivors (6144K)
 Metaspace       used 224601K, committed 226240K, reserved 1310720K
  class space    used 28040K, committed 28736K, reserved 1048576K
}

